Flutter crash report.
Please report a bug at https://github.com/flutter/flutter/issues.

## command

flutter run

## exception

DartDevelopmentServiceException: DartDevelopmentServiceException: Failed to start Dart Development Service

```
```

## flutter doctor

```
[32m[✓][39m Flutter (Channel stable, 3.35.2, on Microsoft Windows [version 10.0.19045.6466], locale fr-BJ) [1 532ms]
    [32m•[39m Flutter version 3.35.2 on channel stable at C:\Users\UTILISATEUR\Documents\flutter_windows_3.35.2-stable\flutter
    [32m•[39m Upstream repository https://github.com/flutter/flutter.git
    [32m•[39m Framework revision 05db968908 (4 months ago), 2025-08-25 10:21:35 -0700
    [32m•[39m Engine revision a8bfdfc394
    [32m•[39m Dart version 3.9.0
    [32m•[39m DevTools version 2.48.0
    [32m•[39m Feature flags: enable-web, enable-linux-desktop, enable-macos-desktop, enable-windows-desktop, enable-android,
      enable-ios, cli-animations, enable-lldb-debugging

[32m[✓][39m Windows Version (10 Professionnel ducation 64 bits, 22H2, 2009) [4,3s]

[31m[✗][39m Android toolchain - develop for Android devices [707ms]
    [31m✗[39m Unable to locate Android SDK.
      Install Android Studio from: https://developer.android.com/studio/index.html
      On first launch it will assist you in installing the Android SDK components.
      (or visit https://flutter.dev/to/windows-android-setup for detailed instructions).
      If the Android SDK has been installed to a custom location, please use
      `flutter config --android-sdk` to update to that location.


[32m[✓][39m Chrome - develop for the web [668ms]
    [32m•[39m Chrome at C:\Program Files (x86)\Google\Chrome\Application\chrome.exe

[33m[!][39m Visual Studio - develop Windows apps (Visual Studio Build Tools 2019 16.11.47) [666ms]
    [32m•[39m Visual Studio at C:\Program Files (x86)\Microsoft Visual Studio\2019\BuildTools
    [32m•[39m Visual Studio Build Tools 2019 version 16.11.36107.64
    [31m✗[39m Visual Studio is missing necessary components. Please re-run the Visual Studio installer for the "Desktop
      development with C++" workload, and include these components:
        MSVC v142 - VS 2019 C++ x64/x86 build tools
         - If there are multiple build tool versions available, install the latest
        C++ CMake tools for Windows
        Windows 10 SDK

[32m[✓][39m Android Studio (version 2025.2.1) [19ms]
    [32m•[39m Android Studio at C:\Program Files\Android\Android Studio
    [32m•[39m Flutter plugin can be installed from:
      🔨 https://plugins.jetbrains.com/plugin/9212-flutter
    [32m•[39m Dart plugin can be installed from:
      🔨 https://plugins.jetbrains.com/plugin/6351-dart
    [32m•[39m Java version 

[32m[✓][39m VS Code (version 1.106.3) [12ms]
    [32m•[39m VS Code at C:\Users\UTILISATEUR\AppData\Local\Programs\Microsoft VS Code
    [32m•[39m Flutter extension can be installed from:
      🔨 https://marketplace.visualstudio.com/items?itemName=Dart-Code.flutter

[32m[✓][39m Connected device (3 available) [53ms]
    [32m•[39m Windows (desktop) • windows • windows-x64    • Microsoft Windows [version 10.0.19045.6466]
    [32m•[39m Chrome (web)      • chrome  • web-javascript • Google Chrome 125.0.6422.78
    [32m•[39m Edge (web)        • edge    • web-javascript • Microsoft Edge 125.0.2535.67

[32m[✓][39m Network resources [1 179ms]
    [32m•[39m All expected network resources are available.

[33m![39m Doctor found issues in 2 categories.
```
